[2024-06-14 22:30:15] Script started
[2024-06-14 22:30:16] Fetched data from GitHub: {"public_repos":1,"followers":0,"stars":0}
[2024-06-14 22:30:16] Fetched weather data for London: {"coord":{"lon":-0.1257,"lat":51.5085},"weather":[{"id":804,"main":"Clouds","description":"overcast clouds","icon":"04n"}],"base":"stations","main":{"temp":13.11,"feels_like":12.59,"temp_min":11.4,"temp_max":13.97,"pressure":1000,"humidity":81},"visibility":10000,"wind":{"speed":3.09,"deg":170},"clouds":{"all":100},"dt":1718403631,"sys":{"type":2,"id":2091269,"country":"GB","sunrise":1718336572,"sunset":1718396336},"timezone":3600,"id":2643743,"name":"London","cod":200}
[2024-06-14 22:30:18] Successfully pushed github_public_repos to Databox
[2024-06-14 22:30:18] Successfully pushed github_followers to Databox
[2024-06-14 22:30:18] Successfully pushed github_stars to Databox
[2024-06-14 22:30:19] Successfully pushed weather_temperature to Databox
[2024-06-14 22:30:19] Successfully pushed weather_humidity to Databox
[2024-06-14 22:30:19] Successfully pushed weather_pressure to Databox
[2024-06-14 22:30:19] Data successfully pushed to Databox
[2024-06-14 22:30:19] Script ended
[2024-06-14 22:32:38] Script started
[2024-06-14 22:32:39] Fetched data from GitHub: {"public_repos":1,"followers":0,"stars":0}
[2024-06-14 22:32:39] Fetched weather data for London: {"coord":{"lon":-0.1257,"lat":51.5085},"weather":[{"id":804,"main":"Clouds","description":"overcast clouds","icon":"04n"}],"base":"stations","main":{"temp":13.11,"feels_like":12.59,"temp_min":11.4,"temp_max":13.97,"pressure":1000,"humidity":81},"visibility":10000,"wind":{"speed":3.09,"deg":170},"clouds":{"all":100},"dt":1718403631,"sys":{"type":2,"id":2091269,"country":"GB","sunrise":1718336572,"sunset":1718396336},"timezone":3600,"id":2643743,"name":"London","cod":200}
[2024-06-14 22:32:40] Successfully pushed github_public_repos to Databox
[2024-06-14 22:32:40] Successfully pushed github_followers to Databox
[2024-06-14 22:32:40] Successfully pushed github_stars to Databox
[2024-06-14 22:32:41] Successfully pushed weather_temperature to Databox
[2024-06-14 22:32:41] Successfully pushed weather_humidity to Databox
[2024-06-14 22:32:41] Successfully pushed weather_pressure to Databox
[2024-06-14 22:32:41] Data successfully pushed to Databox
[2024-06-14 22:32:41] Script ended
[2024-06-18 20:46:41] Successfully pushed metric_key to Databox
[2024-06-18 20:57:59] Successfully pushed metric_key to Databox
[2024-06-18 21:03:46] Script started
[2024-06-18 21:06:01] Script started
[2024-06-18 21:06:02] Fetched data from GitHub: {"public_repos":1,"followers":0,"stars":0}
[2024-06-18 21:06:02] Fetched weather data for London: {"coord":{"lon":-0.1257,"lat":51.5085},"weather":[{"id":803,"main":"Clouds","description":"broken clouds","icon":"04n"}],"base":"stations","main":{"temp":16.56,"feels_like":16.05,"temp_min":14.49,"temp_max":17.98,"pressure":1016,"humidity":68},"visibility":10000,"wind":{"speed":4.12,"deg":90},"clouds":{"all":75},"dt":1718744567,"sys":{"type":1,"id":1414,"country":"GB","sunrise":1718682164,"sunset":1718742042},"timezone":3600,"id":2643743,"name":"London","cod":200}
[2024-06-18 21:06:04] Successfully pushed github_public_repos to Databox
[2024-06-18 21:06:04] Successfully pushed github_followers to Databox
[2024-06-18 21:06:04] Successfully pushed github_stars to Databox
[2024-06-18 21:06:04] Successfully pushed weather_temperature to Databox
[2024-06-18 21:06:04] Successfully pushed weather_humidity to Databox
[2024-06-18 21:06:05] Successfully pushed weather_pressure to Databox
[2024-06-18 21:06:05] Data successfully pushed to Databox
[2024-06-18 21:06:05] Script ended
[2024-06-18 21:09:28] Script started
[2024-06-18 21:09:29] Fetched data from GitHub: {"public_repos":1,"followers":0,"stars":0}
[2024-06-18 21:16:04] Script started
[2024-06-18 21:16:05] Fetched data from GitHub: {"public_repos":1,"followers":0,"stars":0}
[2024-06-18 21:16:05] Fetched weather data for London: {"coord":{"lon":-0.1257,"lat":51.5085},"weather":[{"id":803,"main":"Clouds","description":"broken clouds","icon":"04n"}],"base":"stations","main":{"temp":16.49,"feels_like":15.97,"temp_min":14.49,"temp_max":17.98,"pressure":1016,"humidity":68},"visibility":10000,"wind":{"speed":4.12,"deg":90},"clouds":{"all":75},"dt":1718745174,"sys":{"type":1,"id":1414,"country":"GB","sunrise":1718682164,"sunset":1718742042},"timezone":3600,"id":2643743,"name":"London","cod":200}
[2024-06-18 21:16:07] Successfully pushed github_public_repos to Databox
[2024-06-18 21:16:07] Successfully pushed github_followers to Databox
[2024-06-18 21:16:07] Successfully pushed github_stars to Databox
[2024-06-18 21:16:08] Successfully pushed weather_temperature to Databox
[2024-06-18 21:16:08] Successfully pushed weather_humidity to Databox
[2024-06-18 21:16:08] Successfully pushed weather_pressure to Databox
[2024-06-18 21:16:08] Data successfully pushed to Databox
[2024-06-18 21:16:08] Script ended
[2024-06-18 21:21:33] Script started
[2024-06-18 21:21:35] Fetched weather data for London: {"coord":{"lon":-0.1257,"lat":51.5085},"weather":[{"id":803,"main":"Clouds","description":"broken clouds","icon":"04n"}],"base":"stations","main":{"temp":16.49,"feels_like":15.97,"temp_min":14.49,"temp_max":17.98,"pressure":1016,"humidity":68},"visibility":10000,"wind":{"speed":4.12,"deg":90},"clouds":{"all":75},"dt":1718745429,"sys":{"type":1,"id":1414,"country":"GB","sunrise":1718682164,"sunset":1718742042},"timezone":3600,"id":2643743,"name":"London","cod":200}
[2024-06-18 21:21:37] Successfully pushed github_public_repos to Databox
[2024-06-18 21:21:37] Successfully pushed github_followers to Databox
[2024-06-18 21:21:37] Successfully pushed github_stars to Databox
[2024-06-18 21:21:37] Successfully pushed weather_temperature to Databox
[2024-06-18 21:21:37] Successfully pushed weather_humidity to Databox
[2024-06-18 21:21:37] Successfully pushed weather_pressure to Databox
[2024-06-18 21:21:37] Data successfully pushed to Databox
[2024-06-18 21:21:37] Script ended
[2024-06-18 21:26:52] Successfully pushed metric_key to Databox
[2024-06-18 21:31:07] Successfully pushed metric_key to Databox
[2024-06-18 21:35:19] Successfully pushed metric_key to Databox
[2024-06-18 21:37:50] Successfully pushed metric_key to Databox
[2024-06-18 21:40:06] Script started
[2024-06-18 21:40:08] Fetched weather data for London: {"coord":{"lon":-0.1257,"lat":51.5085},"weather":[{"id":802,"main":"Clouds","description":"scattered clouds","icon":"03n"}],"base":"stations","main":{"temp":16.12,"feels_like":15.67,"temp_min":13.12,"temp_max":17.98,"pressure":1016,"humidity":72},"visibility":10000,"wind":{"speed":3.09,"deg":90},"clouds":{"all":48},"dt":1718746397,"sys":{"type":1,"id":1414,"country":"GB","sunrise":1718682164,"sunset":1718742042},"timezone":3600,"id":2643743,"name":"London","cod":200}
[2024-06-18 21:40:09] Successfully pushed github_public_repos to Databox
[2024-06-18 21:40:09] Successfully pushed github_followers to Databox
[2024-06-18 21:40:10] Successfully pushed github_stars to Databox
[2024-06-18 21:40:10] Successfully pushed weather_temperature to Databox
[2024-06-18 21:40:10] Successfully pushed weather_humidity to Databox
[2024-06-18 21:40:10] Successfully pushed weather_pressure to Databox
[2024-06-18 21:40:10] Data successfully pushed to Databox
[2024-06-18 21:40:10] Script ended
[2024-06-18 21:47:06] Script started
[2024-06-18 21:47:07] Fetched weather data for London: {"coord":{"lon":-0.1257,"lat":51.5085},"weather":[{"id":802,"main":"Clouds","description":"scattered clouds","icon":"03n"}],"base":"stations","main":{"temp":16.02,"feels_like":15.58,"temp_min":12.57,"temp_max":17.98,"pressure":1016,"humidity":73},"visibility":10000,"wind":{"speed":3.09,"deg":90},"clouds":{"all":48},"dt":1718747002,"sys":{"type":1,"id":1414,"country":"GB","sunrise":1718682164,"sunset":1718742042},"timezone":3600,"id":2643743,"name":"London","cod":200}
[2024-06-18 21:47:08] Successfully pushed github_public_repos to Databox
[2024-06-18 21:47:08] Successfully pushed github_followers to Databox
[2024-06-18 21:47:08] Successfully pushed github_stars to Databox
[2024-06-18 21:47:08] Successfully pushed weather_temperature to Databox
[2024-06-18 21:47:09] Successfully pushed weather_humidity to Databox
[2024-06-18 21:47:09] Successfully pushed weather_pressure to Databox
[2024-06-18 21:47:09] Data successfully pushed to Databox
[2024-06-18 21:47:09] Script ended
[2024-06-18 21:47:37] Successfully pushed metric_key to Databox
[2024-06-18 21:51:58] Successfully pushed metric_key to Databox
[2024-06-18 21:54:32] Successfully pushed metric_key to Databox
[2024-06-18 21:57:29] Successfully pushed metric_key to Databox
[2024-06-18 22:18:00] Successfully pushed metric_key to Databox
[2024-06-18 22:18:09] Script started
[2024-06-18 22:18:11] Fetched weather data for London: {"coord":{"lon":-0.1257,"lat":51.5085},"weather":[{"id":803,"main":"Clouds","description":"broken clouds","icon":"04n"}],"base":"stations","main":{"temp":15.72,"feels_like":15.31,"temp_min":12.49,"temp_max":17.06,"pressure":1017,"humidity":75},"visibility":10000,"wind":{"speed":2.57,"deg":80},"clouds":{"all":75},"dt":1718748803,"sys":{"type":2,"id":2091269,"country":"GB","sunrise":1718682164,"sunset":1718742042},"timezone":3600,"id":2643743,"name":"London","cod":200}
[2024-06-18 22:18:12] Successfully pushed github_public_repos to Databox
[2024-06-18 22:18:12] Successfully pushed github_followers to Databox
[2024-06-18 22:18:12] Successfully pushed github_stars to Databox
[2024-06-18 22:18:12] Successfully pushed weather_temperature to Databox
[2024-06-18 22:18:12] Successfully pushed weather_humidity to Databox
[2024-06-18 22:18:12] Successfully pushed weather_pressure to Databox
[2024-06-18 22:18:12] Data successfully pushed to Databox
[2024-06-18 22:18:12] Script ended
